2022-11-12 23:53:20,874 INFO o.s.b.StartupInfoLogger [main] Starting HousePriceFullTextSearchApplication using Java 1.8.0_261 on DESKTOP-9HJRIRU with PID 8120 (D:\intellijIdea_projects\HousePriceFullTextSearch\target\classes started by USER in D:\intellijIdea_projects\HousePriceFullTextSearch)
2022-11-12 23:53:20,885 DEBUG o.s.b.StartupInfoLogger [main] Running with Spring Boot v2.7.4, Spring v5.3.23
2022-11-12 23:53:20,886 INFO o.s.b.SpringApplication [main] No active profile set, falling back to 1 default profile: "default"
2022-11-12 23:53:21,554 INFO o.s.d.r.c.RepositoryConfigurationDelegate [main] Multiple Spring Data modules found, entering strict repository configuration mode
2022-11-12 23:53:21,581 INFO o.s.d.r.c.RepositoryConfigurationDelegate [main] Bootstrapping Spring Data Elasticsearch repositories in DEFAULT mode.
2022-11-12 23:53:21,622 INFO o.s.d.r.c.RepositoryConfigurationDelegate [main] Finished Spring Data repository scanning in 36 ms. Found 1 Elasticsearch repository interfaces.
2022-11-12 23:53:21,625 INFO o.s.d.r.c.RepositoryConfigurationDelegate [main] Multiple Spring Data modules found, entering strict repository configuration mode
2022-11-12 23:53:21,625 INFO o.s.d.r.c.RepositoryConfigurationDelegate [main] Bootstrapping Spring Data JPA repositories in DEFAULT mode.
2022-11-12 23:53:21,669 INFO o.s.d.r.c.RepositoryConfigurationDelegate [main] Finished Spring Data repository scanning in 39 ms. Found 9 JPA repository interfaces.
2022-11-12 23:53:21,825 INFO o.s.d.r.c.RepositoryConfigurationDelegate [main] Multiple Spring Data modules found, entering strict repository configuration mode
2022-11-12 23:53:21,826 INFO o.s.d.r.c.RepositoryConfigurationDelegate [main] Bootstrapping Spring Data Reactive Elasticsearch repositories in DEFAULT mode.
2022-11-12 23:53:21,837 INFO o.s.d.r.c.RepositoryConfigurationExtensionSupport [main] Spring Data Reactive Elasticsearch - Could not safely identify store assignment for repository candidate interface com.example.houseprice.repository.HousePricesRepository; If you want this repository to be a Reactive Elasticsearch repository, consider annotating your entities with one of these annotations: org.springframework.data.elasticsearch.annotations.Document (preferred), or consider extending one of the following types with your repository: org.springframework.data.elasticsearch.repository.ReactiveElasticsearchRepository
2022-11-12 23:53:21,837 INFO o.s.d.r.c.RepositoryConfigurationExtensionSupport [main] Spring Data Reactive Elasticsearch - Could not safely identify store assignment for repository candidate interface com.example.houseprice.repository.LookupBedTypeRepository; If you want this repository to be a Reactive Elasticsearch repository, consider annotating your entities with one of these annotations: org.springframework.data.elasticsearch.annotations.Document (preferred), or consider extending one of the following types with your repository: org.springframework.data.elasticsearch.repository.ReactiveElasticsearchRepository
2022-11-12 23:53:21,838 INFO o.s.d.r.c.RepositoryConfigurationExtensionSupport [main] Spring Data Reactive Elasticsearch - Could not safely identify store assignment for repository candidate interface com.example.houseprice.repository.LookupCalcellationTypeTypeRepository; If you want this repository to be a Reactive Elasticsearch repository, consider annotating your entities with one of these annotations: org.springframework.data.elasticsearch.annotations.Document (preferred), or consider extending one of the following types with your repository: org.springframework.data.elasticsearch.repository.ReactiveElasticsearchRepository
2022-11-12 23:53:21,838 INFO o.s.d.r.c.RepositoryConfigurationExtensionSupport [main] Spring Data Reactive Elasticsearch - Could not safely identify store assignment for repository candidate interface com.example.houseprice.repository.LookupCityCodeRepository; If you want this repository to be a Reactive Elasticsearch repository, consider annotating your entities with one of these annotations: org.springframework.data.elasticsearch.annotations.Document (preferred), or consider extending one of the following types with your repository: org.springframework.data.elasticsearch.repository.ReactiveElasticsearchRepository
2022-11-12 23:53:21,839 INFO o.s.d.r.c.RepositoryConfigurationExtensionSupport [main] Spring Data Reactive Elasticsearch - Could not safely identify store assignment for repository candidate interface com.example.houseprice.repository.LookupNeighbourhoodCityRepository; If you want this repository to be a Reactive Elasticsearch repository, consider annotating your entities with one of these annotations: org.springframework.data.elasticsearch.annotations.Document (preferred), or consider extending one of the following types with your repository: org.springframework.data.elasticsearch.repository.ReactiveElasticsearchRepository
2022-11-12 23:53:21,839 INFO o.s.d.r.c.RepositoryConfigurationExtensionSupport [main] Spring Data Reactive Elasticsearch - Could not safely identify store assignment for repository candidate interface com.example.houseprice.repository.LookupPropertyTypeRepository; If you want this repository to be a Reactive Elasticsearch repository, consider annotating your entities with one of these annotations: org.springframework.data.elasticsearch.annotations.Document (preferred), or consider extending one of the following types with your repository: org.springframework.data.elasticsearch.repository.ReactiveElasticsearchRepository
2022-11-12 23:53:21,839 INFO o.s.d.r.c.RepositoryConfigurationExtensionSupport [main] Spring Data Reactive Elasticsearch - Could not safely identify store assignment for repository candidate interface com.example.houseprice.repository.LookupRoomTypeRepository; If you want this repository to be a Reactive Elasticsearch repository, consider annotating your entities with one of these annotations: org.springframework.data.elasticsearch.annotations.Document (preferred), or consider extending one of the following types with your repository: org.springframework.data.elasticsearch.repository.ReactiveElasticsearchRepository
2022-11-12 23:53:21,840 INFO o.s.d.r.c.RepositoryConfigurationExtensionSupport [main] Spring Data Reactive Elasticsearch - Could not safely identify store assignment for repository candidate interface com.example.houseprice.repository.LookupZipcodeRepository; If you want this repository to be a Reactive Elasticsearch repository, consider annotating your entities with one of these annotations: org.springframework.data.elasticsearch.annotations.Document (preferred), or consider extending one of the following types with your repository: org.springframework.data.elasticsearch.repository.ReactiveElasticsearchRepository
2022-11-12 23:53:21,840 INFO o.s.d.r.c.RepositoryConfigurationExtensionSupport [main] Spring Data Reactive Elasticsearch - Could not safely identify store assignment for repository candidate interface com.example.houseprice.repository.PgToEsRepository; If you want this repository to be a Reactive Elasticsearch repository, consider annotating your entities with one of these annotations: org.springframework.data.elasticsearch.annotations.Document (preferred), or consider extending one of the following types with your repository: org.springframework.data.elasticsearch.repository.ReactiveElasticsearchRepository
2022-11-12 23:53:21,840 INFO o.s.d.r.c.RepositoryConfigurationDelegate [main] Finished Spring Data repository scanning in 13 ms. Found 0 Reactive Elasticsearch repository interfaces.
2022-11-12 23:53:22,360 INFO o.s.b.w.e.t.TomcatWebServer [main] Tomcat initialized with port(s): 8080 (http)
2022-11-12 23:53:22,378 INFO o.a.j.l.DirectJDKLog [main] Initializing ProtocolHandler ["http-nio-8080"]
2022-11-12 23:53:22,378 INFO o.a.j.l.DirectJDKLog [main] Starting service [Tomcat]
2022-11-12 23:53:22,379 INFO o.a.j.l.DirectJDKLog [main] Starting Servlet engine: [Apache Tomcat/9.0.65]
2022-11-12 23:53:22,790 INFO o.a.j.l.DirectJDKLog [main] At least one JAR was scanned for TLDs yet contained no TLDs. Enable debug logging for this logger for a complete list of JARs that were scanned but no TLDs were found in them. Skipping unneeded JARs during scanning can improve startup time and JSP compilation time.
2022-11-12 23:53:22,799 INFO o.a.j.l.DirectJDKLog [main] Initializing Spring embedded WebApplicationContext
2022-11-12 23:53:22,799 INFO o.s.b.w.s.c.ServletWebServerApplicationContext [main] Root WebApplicationContext: initialization completed in 1850 ms
2022-11-12 23:53:22,984 INFO o.f.c.i.l.s.Slf4jLog [main] Flyway Community Edition 8.5.13 by Redgate
2022-11-12 23:53:22,984 INFO o.f.c.i.l.s.Slf4jLog [main] See what's new here: https://flywaydb.org/documentation/learnmore/releaseNotes#8.5.13
2022-11-12 23:53:22,984 INFO o.f.c.i.l.s.Slf4jLog [main] 
2022-11-12 23:53:23,077 INFO o.f.c.i.l.s.Slf4jLog [main] Database: jdbc:postgresql://localhost:5432/houseprices (PostgreSQL 15.0)
2022-11-12 23:53:23,083 WARN o.f.c.i.l.s.Slf4jLog [main] Flyway upgrade recommended: PostgreSQL 15.0 is newer than this version of Flyway and support has not been tested. The latest supported version of PostgreSQL is 14.
2022-11-12 23:53:23,126 INFO o.f.c.i.l.s.Slf4jLog [main] Successfully validated 1 migration (execution time 00:00.033s)
2022-11-12 23:53:23,132 INFO o.f.c.i.l.s.Slf4jLog [main] Current version of schema "public": 1.1
2022-11-12 23:53:23,133 INFO o.f.c.i.l.s.Slf4jLog [main] Schema "public" is up to date. No migration necessary.
2022-11-12 23:53:23,164 INFO o.h.j.i.u.LogHelper [main] HHH000204: Processing PersistenceUnitInfo [name: postgresql]
2022-11-12 23:53:23,206 INFO o.h.Version [main] HHH000412: Hibernate ORM core version 5.6.11.Final
2022-11-12 23:53:23,346 INFO o.h.a.c.r.j.JavaReflectionManager [main] HCANN000001: Hibernate Commons Annotations {5.1.2.Final}
2022-11-12 23:53:23,527 INFO o.h.d.Dialect [main] HHH000400: Using dialect: org.hibernate.dialect.PostgreSQLDialect
2022-11-12 23:53:24,093 INFO o.h.e.t.j.p.i.JtaPlatformInitiator [main] HHH000490: Using JtaPlatform implementation: [org.hibernate.engine.transaction.jta.platform.internal.NoJtaPlatform]
2022-11-12 23:53:24,104 INFO o.s.o.j.AbstractEntityManagerFactoryBean [main] Initialized JPA EntityManagerFactory for persistence unit 'postgresql'
2022-11-12 23:53:25,279 WARN o.e.c.RequestLogger [main] request [HEAD http://localhost:9200/house_prices_textual_info?ignore_throttled=false&ignore_unavailable=false&expand_wildcards=open%2Cclosed&allow_no_indices=false] returned 1 warnings: [299 Elasticsearch-7.13.1-9a7758028e4ea59bcab41c12004603c5a7dd84a9 "Elasticsearch built-in security features are not enabled. Without authentication, your cluster could be accessible to anyone. See https://www.elastic.co/guide/en/elasticsearch/reference/7.13/security-minimal-setup.html to enable security."]
2022-11-12 23:53:25,362 WARN o.s.b.a.o.j.JpaBaseConfiguration$JpaWebConfiguration [main] spring.jpa.open-in-view is enabled by default. Therefore, database queries may be performed during view rendering. Explicitly configure spring.jpa.open-in-view to disable this warning
2022-11-12 23:53:25,621 INFO o.a.j.l.DirectJDKLog [main] Starting ProtocolHandler ["http-nio-8080"]
2022-11-12 23:53:25,636 INFO o.s.b.w.e.t.TomcatWebServer [main] Tomcat started on port(s): 8080 (http) with context path '/service-api'
2022-11-12 23:53:25,643 INFO o.s.b.StartupInfoLogger [main] Started HousePriceFullTextSearchApplication in 5.477 seconds (JVM running for 6.982)
2022-11-12 23:53:31,585 INFO o.a.j.l.DirectJDKLog [http-nio-8080-exec-2] Initializing Spring DispatcherServlet 'dispatcherServlet'
2022-11-12 23:53:31,586 INFO o.s.w.s.FrameworkServlet [http-nio-8080-exec-2] Initializing Servlet 'dispatcherServlet'
2022-11-12 23:53:31,588 INFO o.s.w.s.FrameworkServlet [http-nio-8080-exec-2] Completed initialization in 2 ms
2022-11-12 23:53:31,681 INFO c.e.h.s.i.HousePricesServiceImpl [http-nio-8080-exec-2] Search start, time: 1668275611679
2022-11-12 23:53:31,880 INFO c.e.h.s.i.HousePricesServiceImpl [http-nio-8080-exec-2] Search end, time: 1668275611880
2022-11-12 23:53:31,880 INFO c.e.h.s.i.HousePricesServiceImpl [http-nio-8080-exec-2] Search total, time: 201 ms
2022-11-12 23:53:35,415 INFO c.e.h.s.i.HousePricesServiceImpl [http-nio-8080-exec-1] Search start, time: 1668275615415
2022-11-12 23:53:35,455 INFO c.e.h.s.i.HousePricesServiceImpl [http-nio-8080-exec-1] Search end, time: 1668275615455
2022-11-12 23:53:35,455 INFO c.e.h.s.i.HousePricesServiceImpl [http-nio-8080-exec-1] Search total, time: 40 ms
